<?xml version="1.0" encoding="UTF-8"?>
<!-- Generated by org.testng.reporters.JUnitReportReporter -->
<testsuite hostname="WjoistG" failures="0" tests="1" name="GroupIdMaven13.ArtifactIdMaven13_SeleniumJava_WebdriverManager_TestNG_Slf4j_simple_POM_DataDriven_Json.AppTest2" time="0.023" errors="0" timestamp="2024-04-22T18:39:31 SGT" skipped="0">
  <testcase classname="GroupIdMaven13.ArtifactIdMaven13_SeleniumJava_WebdriverManager_TestNG_Slf4j_simple_POM_DataDriven_Json.AppTest2" name="shouldAnswerWithTrue" time="0.023"/>
  <system-out/>
</testsuite> <!-- GroupIdMaven13.ArtifactIdMaven13_SeleniumJava_WebdriverManager_TestNG_Slf4j_simple_POM_DataDriven_Json.AppTest2 -->
