<?xml version="1.0" encoding="UTF-8"?>
<!-- Generated by org.testng.reporters.JUnitReportReporter -->
<testsuite hostname="WjoistG" failures="0" tests="3" name="TestCases.TricentisRegistrationPositiveFlowTest" time="44.332" errors="0" timestamp="2024-04-23T00:17:34 SGT" skipped="0">
  <testcase classname="TestCases.TricentisRegistrationPositiveFlowTest" name="testRegistrationFlow" time="15.848"/>
  <system-out/>
  <testcase classname="TestCases.TricentisRegistrationPositiveFlowTest" name="testRegistrationFlow" time="14.669"/>
  <system-out/>
  <testcase classname="TestCases.TricentisRegistrationPositiveFlowTest" name="testRegistrationFlow" time="13.815"/>
  <system-out/>
</testsuite> <!-- TestCases.TricentisRegistrationPositiveFlowTest -->
